week-four/app/build/intermediates/manifest_merge_blame_file/debug/manifest-merger-blame-debug-report.txt
1<?xml version="1.0" encoding="utf-8"?>
2<manifest xmlns:android="http://schemas.android.com/apk/res/android"
3    package="pro.marvinhosea.movielist"
4    android:versionCode="1"
5    android:versionName="1.0" >
6
7    <uses-sdk
8        android:minSdkVersion="23"
8-->src/main/AndroidManifest.xml
9        android:targetSdkVersion="29" />
9-->src/main/AndroidManifest.xml
10
11    <uses-permission android:name="android.permission.ACCESS_NETWORK_STATE" />
11-->src/main/AndroidManifest.xml:5:5-79
11-->src/main/AndroidManifest.xml:5:22-76
12    <uses-permission android:name="android.permission.INTERNET" />
12-->src/main/AndroidManifest.xml:6:5-67
12-->src/main/AndroidManifest.xml:6:22-64
13    <uses-permission android:name="android.permission.WAKE_LOCK" />
13-->[androidx.work:work-runtime:2.4.0] AndroidManifest.xml:25:5-68
13-->[androidx.work:work-runtime:2.4.0] AndroidManifest.xml:25:22-65
14    <uses-permission android:name="android.permission.RECEIVE_BOOT_COMPLETED" />
14-->[androidx.work:work-runtime:2.4.0] AndroidManifest.xml:27:5-81
14-->[androidx.work:work-runtime:2.4.0] AndroidManifest.xml:27:22-78
15    <uses-permission android:name="android.permission.FOREGROUND_SERVICE" />
15-->[androidx.work:work-runtime:2.4.0] AndroidManifest.xml:28:5-77
15-->[androidx.work:work-runtime:2.4.0] AndroidManifest.xml:28:22-74
16
17    <application
17-->src/main/AndroidManifest.xml:8:5-30:19
18        android:name="pro.marvinhosea.movielist.App"
18-->src/main/AndroidManifest.xml:14:9-28
19        android:allowBackup="true"
19-->src/main/AndroidManifest.xml:9:9-35
20        android:appComponentFactory="androidx.core.app.CoreComponentFactory"
20-->[androidx.core:core:1.3.1] AndroidManifest.xml:24:18-86
21        android:debuggable="true"
22        android:extractNativeLibs="false"
23        android:icon="@mipmap/ic_launcher"
23-->src/main/AndroidManifest.xml:10:9-43
24        android:label="@string/app_name"
24-->src/main/AndroidManifest.xml:11:9-41
25        android:roundIcon="@mipmap/ic_launcher_round"
25-->src/main/AndroidManifest.xml:12:9-54
26        android:supportsRtl="true"
26-->src/main/AndroidManifest.xml:13:9-35
27        android:testOnly="true"
28        android:theme="@style/AppTheme" >
28-->src/main/AndroidManifest.xml:15:9-40
29        <activity
29-->src/main/AndroidManifest.xml:16:9-18:60
30            android:name="pro.marvinhosea.movielist.ui.login.UserLoginActivity"
30-->src/main/AndroidManifest.xml:17:13-55
31            android:label="@string/title_activity_login" />
31-->src/main/AndroidManifest.xml:18:13-57
32        <activity android:name="pro.marvinhosea.movielist.ui.movies.show.MovieDetailActivity" />
32-->src/main/AndroidManifest.xml:19:9-72
32-->src/main/AndroidManifest.xml:19:19-69
33        <activity
33-->src/main/AndroidManifest.xml:20:9-29:20
34            android:name="pro.marvinhosea.movielist.ui.movies.MainActivity"
34-->src/main/AndroidManifest.xml:21:13-51
35            android:label="@string/app_name"
35-->src/main/AndroidManifest.xml:22:13-45
36            android:theme="@style/AppTheme.NoActionBar" >
36-->src/main/AndroidManifest.xml:23:13-56
37            <intent-filter>
37-->src/main/AndroidManifest.xml:24:13-28:29
38                <action android:name="android.intent.action.MAIN" />
38-->src/main/AndroidManifest.xml:25:17-69
38-->src/main/AndroidManifest.xml:25:25-66
39
40                <category android:name="android.intent.category.LAUNCHER" />
40-->src/main/AndroidManifest.xml:27:17-77
40-->src/main/AndroidManifest.xml:27:27-74
41            </intent-filter>
42        </activity>
43
44        <provider
44-->[androidx.work:work-runtime:2.4.0] AndroidManifest.xml:31:9-37:35
45            android:name="androidx.work.impl.WorkManagerInitializer"
45-->[androidx.work:work-runtime:2.4.0] AndroidManifest.xml:32:13-69
46            android:authorities="pro.marvinhosea.movielist.workmanager-init"
46-->[androidx.work:work-runtime:2.4.0] AndroidManifest.xml:33:13-68
47            android:directBootAware="false"
47-->[androidx.work:work-runtime:2.4.0] AndroidManifest.xml:34:13-44
48            android:exported="false"
48-->[androidx.work:work-runtime:2.4.0] AndroidManifest.xml:35:13-37
49            android:multiprocess="true" />
49-->[androidx.work:work-runtime:2.4.0] AndroidManifest.xml:36:13-40
50
51        <service
51-->[androidx.work:work-runtime:2.4.0] AndroidManifest.xml:39:9-44:35
52            android:name="androidx.work.impl.background.systemalarm.SystemAlarmService"
52-->[androidx.work:work-runtime:2.4.0] AndroidManifest.xml:40:13-88
53            android:directBootAware="false"
53-->[androidx.work:work-runtime:2.4.0] AndroidManifest.xml:41:13-44
54            android:enabled="@bool/enable_system_alarm_service_default"
54-->[androidx.work:work-runtime:2.4.0] AndroidManifest.xml:42:13-72
55            android:exported="false" />
55-->[androidx.work:work-runtime:2.4.0] AndroidManifest.xml:43:13-37
56        <service
56-->[androidx.work:work-runtime:2.4.0] AndroidManifest.xml:45:9-51:35
57            android:name="androidx.work.impl.background.systemjob.SystemJobService"
57-->[androidx.work:work-runtime:2.4.0] AndroidManifest.xml:46:13-84
58            android:directBootAware="false"
58-->[androidx.work:work-runtime:2.4.0] AndroidManifest.xml:47:13-44
59            android:enabled="@bool/enable_system_job_service_default"
59-->[androidx.work:work-runtime:2.4.0] AndroidManifest.xml:48:13-70
60            android:exported="true"
60-->[androidx.work:work-runtime:2.4.0] AndroidManifest.xml:49:13-36
61            android:permission="android.permission.BIND_JOB_SERVICE" />
61-->[androidx.work:work-runtime:2.4.0] AndroidManifest.xml:50:13-69
62        <service
62-->[androidx.work:work-runtime:2.4.0] AndroidManifest.xml:52:9-57:35
63            android:name="androidx.work.impl.foreground.SystemForegroundService"
63-->[androidx.work:work-runtime:2.4.0] AndroidManifest.xml:53:13-81
64            android:directBootAware="false"
64-->[androidx.work:work-runtime:2.4.0] AndroidManifest.xml:54:13-44
65            android:enabled="@bool/enable_system_foreground_service_default"
65-->[androidx.work:work-runtime:2.4.0] AndroidManifest.xml:55:13-77
66            android:exported="false" />
66-->[androidx.work:work-runtime:2.4.0] AndroidManifest.xml:56:13-37
67
68        <receiver
68-->[androidx.work:work-runtime:2.4.0] AndroidManifest.xml:59:9-64:35
69            android:name="androidx.work.impl.utils.ForceStopRunnable$BroadcastReceiver"
69-->[androidx.work:work-runtime:2.4.0] AndroidManifest.xml:60:13-88
70            android:directBootAware="false"
70-->[androidx.work:work-runtime:2.4.0] AndroidManifest.xml:61:13-44
71            android:enabled="true"
71-->[androidx.work:work-runtime:2.4.0] AndroidManifest.xml:62:13-35
72            android:exported="false" />
72-->[androidx.work:work-runtime:2.4.0] AndroidManifest.xml:63:13-37
73        <receiver
73-->[androidx.work:work-runtime:2.4.0] AndroidManifest.xml:65:9-75:20
74            android:name="androidx.work.impl.background.systemalarm.ConstraintProxy$BatteryChargingProxy"
74-->[androidx.work:work-runtime:2.4.0] AndroidManifest.xml:66:13-106
75            android:directBootAware="false"
75-->[androidx.work:work-runtime:2.4.0] AndroidManifest.xml:67:13-44
76            android:enabled="false"
76-->[androidx.work:work-runtime:2.4.0] AndroidManifest.xml:68:13-36
77            android:exported="false" >
77-->[androidx.work:work-runtime:2.4.0] AndroidManifest.xml:69:13-37
78            <intent-filter>
78-->[androidx.work:work-runtime:2.4.0] AndroidManifest.xml:71:13-74:29
79                <action android:name="android.intent.action.ACTION_POWER_CONNECTED" />
79-->[androidx.work:work-runtime:2.4.0] AndroidManifest.xml:72:17-87
79-->[androidx.work:work-runtime:2.4.0] AndroidManifest.xml:72:25-84
80                <action android:name="android.intent.action.ACTION_POWER_DISCONNECTED" />
80-->[androidx.work:work-runtime:2.4.0] AndroidManifest.xml:73:17-90
80-->[androidx.work:work-runtime:2.4.0] AndroidManifest.xml:73:25-87
81            </intent-filter>
82        </receiver>
83        <receiver
83-->[androidx.work:work-runtime:2.4.0] AndroidManifest.xml:76:9-86:20
84            android:name="androidx.work.impl.background.systemalarm.ConstraintProxy$BatteryNotLowProxy"
84-->[androidx.work:work-runtime:2.4.0] AndroidManifest.xml:77:13-104
85            android:directBootAware="false"
85-->[androidx.work:work-runtime:2.4.0] AndroidManifest.xml:78:13-44
86            android:enabled="false"
86-->[androidx.work:work-runtime:2.4.0] AndroidManifest.xml:79:13-36
87            android:exported="false" >
87-->[androidx.work:work-runtime:2.4.0] AndroidManifest.xml:80:13-37
88            <intent-filter>
88-->[androidx.work:work-runtime:2.4.0] AndroidManifest.xml:82:13-85:29
89                <action android:name="android.intent.action.BATTERY_OKAY" />
89-->[androidx.work:work-runtime:2.4.0] AndroidManifest.xml:83:17-77
89-->[androidx.work:work-runtime:2.4.0] AndroidManifest.xml:83:25-74
90                <action android:name="android.intent.action.BATTERY_LOW" />
90-->[androidx.work:work-runtime:2.4.0] AndroidManifest.xml:84:17-76
90-->[androidx.work:work-runtime:2.4.0] AndroidManifest.xml:84:25-73
91            </intent-filter>
92        </receiver>
93        <receiver
93-->[androidx.work:work-runtime:2.4.0] AndroidManifest.xml:87:9-97:20
94            android:name="androidx.work.impl.background.systemalarm.ConstraintProxy$StorageNotLowProxy"
94-->[androidx.work:work-runtime:2.4.0] AndroidManifest.xml:88:13-104
95            android:directBootAware="false"
95-->[androidx.work:work-runtime:2.4.0] AndroidManifest.xml:89:13-44
96            android:enabled="false"
96-->[androidx.work:work-runtime:2.4.0] AndroidManifest.xml:90:13-36
97            android:exported="false" >
97-->[androidx.work:work-runtime:2.4.0] AndroidManifest.xml:91:13-37
98            <intent-filter>
98-->[androidx.work:work-runtime:2.4.0] AndroidManifest.xml:93:13-96:29
99                <action android:name="android.intent.action.DEVICE_STORAGE_LOW" />
99-->[androidx.work:work-runtime:2.4.0] AndroidManifest.xml:94:17-83
99-->[androidx.work:work-runtime:2.4.0] AndroidManifest.xml:94:25-80
100                <action android:name="android.intent.action.DEVICE_STORAGE_OK" />
100-->[androidx.work:work-runtime:2.4.0] AndroidManifest.xml:95:17-82
100-->[androidx.work:work-runtime:2.4.0] AndroidManifest.xml:95:25-79
101            </intent-filter>
102        </receiver>
103        <receiver
103-->[androidx.work:work-runtime:2.4.0] AndroidManifest.xml:98:9-107:20
104            android:name="androidx.work.impl.background.systemalarm.ConstraintProxy$NetworkStateProxy"
104-->[androidx.work:work-runtime:2.4.0] AndroidManifest.xml:99:13-103
105            android:directBootAware="false"
105-->[androidx.work:work-runtime:2.4.0] AndroidManifest.xml:100:13-44
106            android:enabled="false"
106-->[androidx.work:work-runtime:2.4.0] AndroidManifest.xml:101:13-36
107            android:exported="false" >
107-->[androidx.work:work-runtime:2.4.0] AndroidManifest.xml:102:13-37
108            <intent-filter>
108-->[androidx.work:work-runtime:2.4.0] AndroidManifest.xml:104:13-106:29
109                <action android:name="android.net.conn.CONNECTIVITY_CHANGE" />
109-->[androidx.work:work-runtime:2.4.0] AndroidManifest.xml:105:17-79
109-->[androidx.work:work-runtime:2.4.0] AndroidManifest.xml:105:25-76
110            </intent-filter>
111        </receiver>
112        <receiver
112-->[androidx.work:work-runtime:2.4.0] AndroidManifest.xml:108:9-119:20
113            android:name="androidx.work.impl.background.systemalarm.RescheduleReceiver"
113-->[androidx.work:work-runtime:2.4.0] AndroidManifest.xml:109:13-88
114            android:directBootAware="false"
114-->[androidx.work:work-runtime:2.4.0] AndroidManifest.xml:110:13-44
115            android:enabled="false"
115-->[androidx.work:work-runtime:2.4.0] AndroidManifest.xml:111:13-36
116            android:exported="false" >
116-->[androidx.work:work-runtime:2.4.0] AndroidManifest.xml:112:13-37
117            <intent-filter>
117-->[androidx.work:work-runtime:2.4.0] AndroidManifest.xml:114:13-118:29
118                <action android:name="android.intent.action.BOOT_COMPLETED" />
118-->[androidx.work:work-runtime:2.4.0] AndroidManifest.xml:115:17-79
118-->[androidx.work:work-runtime:2.4.0] AndroidManifest.xml:115:25-76
119                <action android:name="android.intent.action.TIME_SET" />
119-->[androidx.work:work-runtime:2.4.0] AndroidManifest.xml:116:17-73
119-->[androidx.work:work-runtime:2.4.0] AndroidManifest.xml:116:25-70
120                <action android:name="android.intent.action.TIMEZONE_CHANGED" />
120-->[androidx.work:work-runtime:2.4.0] AndroidManifest.xml:117:17-81
120-->[androidx.work:work-runtime:2.4.0] AndroidManifest.xml:117:25-78
121            </intent-filter>
122        </receiver>
123        <receiver
123-->[androidx.work:work-runtime:2.4.0] AndroidManifest.xml:120:9-129:20
124            android:name="androidx.work.impl.background.systemalarm.ConstraintProxyUpdateReceiver"
124-->[androidx.work:work-runtime:2.4.0] AndroidManifest.xml:121:13-99
125            android:directBootAware="false"
125-->[androidx.work:work-runtime:2.4.0] AndroidManifest.xml:122:13-44
126            android:enabled="@bool/enable_system_alarm_service_default"
126-->[androidx.work:work-runtime:2.4.0] AndroidManifest.xml:123:13-72
127            android:exported="false" >
127-->[androidx.work:work-runtime:2.4.0] AndroidManifest.xml:124:13-37
128            <intent-filter>
128-->[androidx.work:work-runtime:2.4.0] AndroidManifest.xml:126:13-128:29
129                <action android:name="androidx.work.impl.background.systemalarm.UpdateProxies" />
129-->[androidx.work:work-runtime:2.4.0] AndroidManifest.xml:127:17-98
129-->[androidx.work:work-runtime:2.4.0] AndroidManifest.xml:127:25-95
130            </intent-filter>
131        </receiver>
132        <receiver
132-->[androidx.work:work-runtime:2.4.0] AndroidManifest.xml:130:9-140:20
133            android:name="androidx.work.impl.diagnostics.DiagnosticsReceiver"
133-->[androidx.work:work-runtime:2.4.0] AndroidManifest.xml:131:13-78
134            android:directBootAware="false"
134-->[androidx.work:work-runtime:2.4.0] AndroidManifest.xml:132:13-44
135            android:enabled="true"
135-->[androidx.work:work-runtime:2.4.0] AndroidManifest.xml:133:13-35
136            android:exported="true"
136-->[androidx.work:work-runtime:2.4.0] AndroidManifest.xml:134:13-36
137            android:permission="android.permission.DUMP" >
137-->[androidx.work:work-runtime:2.4.0] AndroidManifest.xml:135:13-57
138            <intent-filter>
138-->[androidx.work:work-runtime:2.4.0] AndroidManifest.xml:137:13-139:29
139                <action android:name="androidx.work.diagnostics.REQUEST_DIAGNOSTICS" />
139-->[androidx.work:work-runtime:2.4.0] AndroidManifest.xml:138:17-88
139-->[androidx.work:work-runtime:2.4.0] AndroidManifest.xml:138:25-85
140            </intent-filter>
141        </receiver>
142
143        <provider
143-->[androidx.lifecycle:lifecycle-process:2.2.0] AndroidManifest.xml:25:9-29:43
144            android:name="androidx.lifecycle.ProcessLifecycleOwnerInitializer"
144-->[androidx.lifecycle:lifecycle-process:2.2.0] AndroidManifest.xml:26:13-79
145            android:authorities="pro.marvinhosea.movielist.lifecycle-process"
145-->[androidx.lifecycle:lifecycle-process:2.2.0] AndroidManifest.xml:27:13-69
146            android:exported="false"
146-->[androidx.lifecycle:lifecycle-process:2.2.0] AndroidManifest.xml:28:13-37
147            android:multiprocess="true" />
147-->[androidx.lifecycle:lifecycle-process:2.2.0] AndroidManifest.xml:29:13-40
148
149        <service
149-->[androidx.room:room-runtime:2.2.5] AndroidManifest.xml:25:9-28:40
150            android:name="androidx.room.MultiInstanceInvalidationService"
150-->[androidx.room:room-runtime:2.2.5] AndroidManifest.xml:26:13-74
151            android:directBootAware="true"
151-->[androidx.room:room-runtime:2.2.5] AndroidManifest.xml:27:13-43
152            android:exported="false" />
152-->[androidx.room:room-runtime:2.2.5] AndroidManifest.xml:28:13-37
153    </application>
154
155</manifest>